#1 [internal] load build definition from Dockerfile
#1 transferring dockerfile: 905B done
#1 DONE 0.0s

#2 [internal] load .dockerignore
#2 transferring context: 2B done
#2 DONE 0.0s

#3 [internal] load metadata for mcr.microsoft.com/dotnet/sdk:10.0
#3 DONE 2.2s

#4 [internal] load metadata for mcr.microsoft.com/dotnet/aspnet:10.0
#4 DONE 2.2s

#5 [build  1/10] FROM mcr.microsoft.com/dotnet/sdk:10.0@sha256:8a90a473da5205a16979de99d2fc20975e922c68304f5c79d564e666dc3982fc
#5 resolve mcr.microsoft.com/dotnet/sdk:10.0@sha256:8a90a473da5205a16979de99d2fc20975e922c68304f5c79d564e666dc3982fc 0.0s done
#5 sha256:2fce889b02c8db4795e8bfa5b4da5d03f67787d7ce3c614cc8df33daff3c42bb 2.42kB / 2.42kB done
#5 sha256:0cc38a3bdfefefa28abd275267ccedea24fa9a035306bd326929b0fd5460dd17 5.86kB / 5.86kB done
#5 sha256:c96859496d68f17f73f00d7050328617913433d2c124d9959f0c4f4a01104efa 0B / 16.79MB 0.2s
#5 sha256:8ef9abff070d3697eea29435b9d2eda84acb5eeb05dc9e1587aa83e48107af6d 0B / 3.57kB 0.2s
#5 sha256:8a90a473da5205a16979de99d2fc20975e922c68304f5c79d564e666dc3982fc 1.08kB / 1.08kB done
#5 sha256:818154cda96df8bbb276b4f4339124da55756620a1037af15570bc95312850fa 0B / 28.88MB 0.2s
#5 sha256:8ef9abff070d3697eea29435b9d2eda84acb5eeb05dc9e1587aa83e48107af6d 3.57kB / 3.57kB 0.4s done
#5 sha256:85a9806bd0c6fdc6e05895945b2f0e0d6f0cdf0377b01241e2cb041ae5a860db 0B / 34.50MB 0.4s
#5 ...

#6 [internal] load build context
#6 transferring context: 18.47MB 0.5s done
#6 DONE 0.5s

#5 [build  1/10] FROM mcr.microsoft.com/dotnet/sdk:10.0@sha256:8a90a473da5205a16979de99d2fc20975e922c68304f5c79d564e666dc3982fc
#5 sha256:c96859496d68f17f73f00d7050328617913433d2c124d9959f0c4f4a01104efa 1.05MB / 16.79MB 1.0s
#5 sha256:c96859496d68f17f73f00d7050328617913433d2c124d9959f0c4f4a01104efa 2.10MB / 16.79MB 1.4s
#5 sha256:818154cda96df8bbb276b4f4339124da55756620a1037af15570bc95312850fa 2.10MB / 28.88MB 1.6s
#5 sha256:c96859496d68f17f73f00d7050328617913433d2c124d9959f0c4f4a01104efa 3.15MB / 16.79MB 1.9s
#5 sha256:c96859496d68f17f73f00d7050328617913433d2c124d9959f0c4f4a01104efa 4.19MB / 16.79MB 2.1s
#5 sha256:818154cda96df8bbb276b4f4339124da55756620a1037af15570bc95312850fa 4.19MB / 28.88MB 2.1s
#5 sha256:c96859496d68f17f73f00d7050328617913433d2c124d9959f0c4f4a01104efa 5.24MB / 16.79MB 2.2s
#5 sha256:c96859496d68f17f73f00d7050328617913433d2c124d9959f0c4f4a01104efa 6.29MB / 16.79MB 2.3s
#5 sha256:c96859496d68f17f73f00d7050328617913433d2c124d9959f0c4f4a01104efa 7.34MB / 16.79MB 2.4s
#5 sha256:c96859496d68f17f73f00d7050328617913433d2c124d9959f0c4f4a01104efa 8.39MB / 16.79MB 2.6s
#5 sha256:c96859496d68f17f73f00d7050328617913433d2c124d9959f0c4f4a01104efa 9.44MB / 16.79MB 2.7s
#5 sha256:818154cda96df8bbb276b4f4339124da55756620a1037af15570bc95312850fa 6.29MB / 28.88MB 2.7s
#5 sha256:c96859496d68f17f73f00d7050328617913433d2c124d9959f0c4f4a01104efa 10.49MB / 16.79MB 2.8s
#5 sha256:c96859496d68f17f73f00d7050328617913433d2c124d9959f0c4f4a01104efa 11.53MB / 16.79MB 3.2s
#5 sha256:c96859496d68f17f73f00d7050328617913433d2c124d9959f0c4f4a01104efa 13.63MB / 16.79MB 3.5s
#5 sha256:818154cda96df8bbb276b4f4339124da55756620a1037af15570bc95312850fa 8.39MB / 28.88MB 3.5s
#5 sha256:c96859496d68f17f73f00d7050328617913433d2c124d9959f0c4f4a01104efa 14.68MB / 16.79MB 3.6s
#5 sha256:c96859496d68f17f73f00d7050328617913433d2c124d9959f0c4f4a01104efa 15.73MB / 16.79MB 3.7s
#5 sha256:85a9806bd0c6fdc6e05895945b2f0e0d6f0cdf0377b01241e2cb041ae5a860db 2.10MB / 34.50MB 3.7s
#5 sha256:c96859496d68f17f73f00d7050328617913433d2c124d9959f0c4f4a01104efa 16.79MB / 16.79MB 3.8s done
#5 sha256:a915f2767fd372e35eb27e396ca4a49c63785911369de621a3633d053c85c2ff 0B / 155B 3.9s
#5 sha256:818154cda96df8bbb276b4f4339124da55756620a1037af15570bc95312850fa 10.49MB / 28.88MB 4.1s
#5 sha256:85a9806bd0c6fdc6e05895945b2f0e0d6f0cdf0377b01241e2cb041ae5a860db 4.19MB / 34.50MB 4.1s
#5 sha256:a915f2767fd372e35eb27e396ca4a49c63785911369de621a3633d053c85c2ff 155B / 155B 4.3s done
#5 sha256:d8dd1f12c05c3365bc79a19486425802393abb8de5af9561168fe4aecce23a50 0B / 12.27MB 4.4s
#5 sha256:85a9806bd0c6fdc6e05895945b2f0e0d6f0cdf0377b01241e2cb041ae5a860db 6.29MB / 34.50MB 4.9s
#5 sha256:818154cda96df8bbb276b4f4339124da55756620a1037af15570bc95312850fa 12.58MB / 28.88MB 5.5s
#5 sha256:d8dd1f12c05c3365bc79a19486425802393abb8de5af9561168fe4aecce23a50 1.05MB / 12.27MB 5.5s
#5 sha256:d8dd1f12c05c3365bc79a19486425802393abb8de5af9561168fe4aecce23a50 2.10MB / 12.27MB 5.6s
#5 sha256:85a9806bd0c6fdc6e05895945b2f0e0d6f0cdf0377b01241e2cb041ae5a860db 8.39MB / 34.50MB 5.8s
#5 sha256:818154cda96df8bbb276b4f4339124da55756620a1037af15570bc95312850fa 14.68MB / 28.88MB 6.0s
#5 sha256:d8dd1f12c05c3365bc79a19486425802393abb8de5af9561168fe4aecce23a50 4.19MB / 12.27MB 6.0s
#5 sha256:d8dd1f12c05c3365bc79a19486425802393abb8de5af9561168fe4aecce23a50 5.24MB / 12.27MB 6.2s
#5 sha256:85a9806bd0c6fdc6e05895945b2f0e0d6f0cdf0377b01241e2cb041ae5a860db 10.49MB / 34.50MB 6.4s
#5 sha256:d8dd1f12c05c3365bc79a19486425802393abb8de5af9561168fe4aecce23a50 6.29MB / 12.27MB 6.4s
#5 sha256:818154cda96df8bbb276b4f4339124da55756620a1037af15570bc95312850fa 16.78MB / 28.88MB 6.6s
#5 sha256:d8dd1f12c05c3365bc79a19486425802393abb8de5af9561168fe4aecce23a50 7.34MB / 12.27MB 6.6s
#5 sha256:d8dd1f12c05c3365bc79a19486425802393abb8de5af9561168fe4aecce23a50 8.39MB / 12.27MB 6.7s
#5 sha256:85a9806bd0c6fdc6e05895945b2f0e0d6f0cdf0377b01241e2cb041ae5a860db 12.58MB / 34.50MB 6.9s
#5 sha256:d8dd1f12c05c3365bc79a19486425802393abb8de5af9561168fe4aecce23a50 9.44MB / 12.27MB 6.9s
#5 sha256:d8dd1f12c05c3365bc79a19486425802393abb8de5af9561168fe4aecce23a50 10.49MB / 12.27MB 7.1s
#5 sha256:d8dd1f12c05c3365bc79a19486425802393abb8de5af9561168fe4aecce23a50 11.53MB / 12.27MB 7.2s
#5 sha256:818154cda96df8bbb276b4f4339124da55756620a1037af15570bc95312850fa 18.87MB / 28.88MB 7.4s
#5 sha256:85a9806bd0c6fdc6e05895945b2f0e0d6f0cdf0377b01241e2cb041ae5a860db 15.73MB / 34.50MB 7.5s
#5 sha256:232abf47c65e3da3207d32896f44f766ec62842cdb90352f0a6d934229bf87d2 0B / 23.92MB 7.5s
#5 sha256:818154cda96df8bbb276b4f4339124da55756620a1037af15570bc95312850fa 20.97MB / 28.88MB 7.8s
#5 sha256:85a9806bd0c6fdc6e05895945b2f0e0d6f0cdf0377b01241e2cb041ae5a860db 17.83MB / 34.50MB 8.0s
#5 sha256:818154cda96df8bbb276b4f4339124da55756620a1037af15570bc95312850fa 23.07MB / 28.88MB 8.6s
#5 sha256:85a9806bd0c6fdc6e05895945b2f0e0d6f0cdf0377b01241e2cb041ae5a860db 19.92MB / 34.50MB 8.6s
#5 sha256:232abf47c65e3da3207d32896f44f766ec62842cdb90352f0a6d934229bf87d2 2.10MB / 23.92MB 8.6s
#5 sha256:85a9806bd0c6fdc6e05895945b2f0e0d6f0cdf0377b01241e2cb041ae5a860db 22.02MB / 34.50MB 9.1s
#5 sha256:818154cda96df8bbb276b4f4339124da55756620a1037af15570bc95312850fa 25.17MB / 28.88MB 9.3s
#5 sha256:85a9806bd0c6fdc6e05895945b2f0e0d6f0cdf0377b01241e2cb041ae5a860db 24.12MB / 34.50MB 9.6s
#5 sha256:818154cda96df8bbb276b4f4339124da55756620a1037af15570bc95312850fa 27.26MB / 28.88MB 9.7s
#5 sha256:85a9806bd0c6fdc6e05895945b2f0e0d6f0cdf0377b01241e2cb041ae5a860db 26.21MB / 34.50MB 9.8s
#5 ...

#7 [runtime 1/3] FROM mcr.microsoft.com/dotnet/aspnet:10.0@sha256:55e37c7795bfaf6b9cc5d77c155811d9569f529d86e20647704bc1d7dd9741d4
#7 resolve mcr.microsoft.com/dotnet/aspnet:10.0@sha256:55e37c7795bfaf6b9cc5d77c155811d9569f529d86e20647704bc1d7dd9741d4 0.0s done
#7 sha256:55e37c7795bfaf6b9cc5d77c155811d9569f529d86e20647704bc1d7dd9741d4 1.08kB / 1.08kB done
#7 sha256:e7077415da7fea9cf424c53d41e16b27b252946ec27d91492f515dd931122472 1.58kB / 1.58kB done
#7 sha256:fc290517cce4394db2728c9a828357f74de1a48a968ce244740e26f321fc6b60 3.12kB / 3.12kB done
#7 sha256:c96859496d68f17f73f00d7050328617913433d2c124d9959f0c4f4a01104efa 16.79MB / 16.79MB 3.8s done
#7 sha256:8ef9abff070d3697eea29435b9d2eda84acb5eeb05dc9e1587aa83e48107af6d 3.57kB / 3.57kB 0.4s done
#7 sha256:a915f2767fd372e35eb27e396ca4a49c63785911369de621a3633d053c85c2ff 155B / 155B 4.3s done
#7 sha256:d8dd1f12c05c3365bc79a19486425802393abb8de5af9561168fe4aecce23a50 12.27MB / 12.27MB 7.3s done
#7 sha256:818154cda96df8bbb276b4f4339124da55756620a1037af15570bc95312850fa 28.88MB / 28.88MB 10.1s done
#7 sha256:85a9806bd0c6fdc6e05895945b2f0e0d6f0cdf0377b01241e2cb041ae5a860db 28.31MB / 34.50MB 10.1s
#7 ...

#5 [build  1/10] FROM mcr.microsoft.com/dotnet/sdk:10.0@sha256:8a90a473da5205a16979de99d2fc20975e922c68304f5c79d564e666dc3982fc
#5 sha256:818154cda96df8bbb276b4f4339124da55756620a1037af15570bc95312850fa 28.88MB / 28.88MB 10.1s done
#5 sha256:e07a64a186b40995a7ba20f6f2805f0af9fe541b4e8d27dece38436674b9b59a 0B / 186.92MB 10.1s
#5 extracting sha256:818154cda96df8bbb276b4f4339124da55756620a1037af15570bc95312850fa
#5 sha256:85a9806bd0c6fdc6e05895945b2f0e0d6f0cdf0377b01241e2cb041ae5a860db 30.41MB / 34.50MB 10.4s
#5 sha256:85a9806bd0c6fdc6e05895945b2f0e0d6f0cdf0377b01241e2cb041ae5a860db 32.51MB / 34.50MB 10.7s
#5 extracting sha256:818154cda96df8bbb276b4f4339124da55756620a1037af15570bc95312850fa 0.6s done
#5 sha256:85a9806bd0c6fdc6e05895945b2f0e0d6f0cdf0377b01241e2cb041ae5a860db 34.50MB / 34.50MB 10.9s done
#5 extracting sha256:c96859496d68f17f73f00d7050328617913433d2c124d9959f0c4f4a01104efa
#5 sha256:49f793c0a28f2637435fe896bacbeb8f740c3175981760efa3c22c3f03d3b923 0B / 525B 11.0s
#5 extracting sha256:c96859496d68f17f73f00d7050328617913433d2c124d9959f0c4f4a01104efa 0.3s done
#5 sha256:49f793c0a28f2637435fe896bacbeb8f740c3175981760efa3c22c3f03d3b923 525B / 525B 11.2s done
#5 extracting sha256:8ef9abff070d3697eea29435b9d2eda84acb5eeb05dc9e1587aa83e48107af6d done
#5 sha256:85b70369924fc314cf1ee6800f79c31fe5dbc1972103a8379a998d55d3322b2c 0B / 18.06MB 11.3s
#5 extracting sha256:85a9806bd0c6fdc6e05895945b2f0e0d6f0cdf0377b01241e2cb041ae5a860db 0.1s
#5 sha256:85b70369924fc314cf1ee6800f79c31fe5dbc1972103a8379a998d55d3322b2c 1.05MB / 18.06MB 11.7s
#5 extracting sha256:85a9806bd0c6fdc6e05895945b2f0e0d6f0cdf0377b01241e2cb041ae5a860db 0.4s done
#5 extracting sha256:a915f2767fd372e35eb27e396ca4a49c63785911369de621a3633d053c85c2ff done
#5 extracting sha256:d8dd1f12c05c3365bc79a19486425802393abb8de5af9561168fe4aecce23a50 0.1s
#5 ...

#7 [runtime 1/3] FROM mcr.microsoft.com/dotnet/aspnet:10.0@sha256:55e37c7795bfaf6b9cc5d77c155811d9569f529d86e20647704bc1d7dd9741d4
#7 sha256:85a9806bd0c6fdc6e05895945b2f0e0d6f0cdf0377b01241e2cb041ae5a860db 34.50MB / 34.50MB 10.9s done
#7 extracting sha256:8ef9abff070d3697eea29435b9d2eda84acb5eeb05dc9e1587aa83e48107af6d done
#7 extracting sha256:a915f2767fd372e35eb27e396ca4a49c63785911369de621a3633d053c85c2ff done
#7 DONE 12.0s

#5 [build  1/10] FROM mcr.microsoft.com/dotnet/sdk:10.0@sha256:8a90a473da5205a16979de99d2fc20975e922c68304f5c79d564e666dc3982fc
#5 sha256:85b70369924fc314cf1ee6800f79c31fe5dbc1972103a8379a998d55d3322b2c 2.10MB / 18.06MB 12.0s
#5 extracting sha256:d8dd1f12c05c3365bc79a19486425802393abb8de5af9561168fe4aecce23a50 0.2s done
#5 ...

#8 [runtime 2/3] WORKDIR /app
#8 DONE 0.2s

#5 [build  1/10] FROM mcr.microsoft.com/dotnet/sdk:10.0@sha256:8a90a473da5205a16979de99d2fc20975e922c68304f5c79d564e666dc3982fc
#5 sha256:85b70369924fc314cf1ee6800f79c31fe5dbc1972103a8379a998d55d3322b2c 3.15MB / 18.06MB 12.3s
#5 sha256:85b70369924fc314cf1ee6800f79c31fe5dbc1972103a8379a998d55d3322b2c 4.19MB / 18.06MB 12.4s
#5 sha256:e07a64a186b40995a7ba20f6f2805f0af9fe541b4e8d27dece38436674b9b59a 9.44MB / 186.92MB 12.5s
#5 sha256:232abf47c65e3da3207d32896f44f766ec62842cdb90352f0a6d934229bf87d2 4.19MB / 23.92MB 12.7s
#5 sha256:85b70369924fc314cf1ee6800f79c31fe5dbc1972103a8379a998d55d3322b2c 5.24MB / 18.06MB 12.7s
#5 sha256:85b70369924fc314cf1ee6800f79c31fe5dbc1972103a8379a998d55d3322b2c 6.29MB / 18.06MB 12.8s
#5 sha256:85b70369924fc314cf1ee6800f79c31fe5dbc1972103a8379a998d55d3322b2c 7.34MB / 18.06MB 13.0s
#5 sha256:232abf47c65e3da3207d32896f44f766ec62842cdb90352f0a6d934229bf87d2 6.29MB / 23.92MB 13.1s
#5 sha256:85b70369924fc314cf1ee6800f79c31fe5dbc1972103a8379a998d55d3322b2c 8.39MB / 18.06MB 13.3s
#5 sha256:232abf47c65e3da3207d32896f44f766ec62842cdb90352f0a6d934229bf87d2 8.39MB / 23.92MB 13.4s
#5 sha256:85b70369924fc314cf1ee6800f79c31fe5dbc1972103a8379a998d55d3322b2c 9.44MB / 18.06MB 13.5s
#5 sha256:232abf47c65e3da3207d32896f44f766ec62842cdb90352f0a6d934229bf87d2 10.49MB / 23.92MB 13.7s
#5 sha256:85b70369924fc314cf1ee6800f79c31fe5dbc1972103a8379a998d55d3322b2c 10.49MB / 18.06MB 13.8s
#5 sha256:85b70369924fc314cf1ee6800f79c31fe5dbc1972103a8379a998d55d3322b2c 11.53MB / 18.06MB 14.0s
#5 sha256:85b70369924fc314cf1ee6800f79c31fe5dbc1972103a8379a998d55d3322b2c 12.58MB / 18.06MB 14.2s
#5 sha256:85b70369924fc314cf1ee6800f79c31fe5dbc1972103a8379a998d55d3322b2c 13.63MB / 18.06MB 14.3s
#5 sha256:85b70369924fc314cf1ee6800f79c31fe5dbc1972103a8379a998d55d3322b2c 14.68MB / 18.06MB 14.4s
#5 sha256:85b70369924fc314cf1ee6800f79c31fe5dbc1972103a8379a998d55d3322b2c 15.73MB / 18.06MB 14.9s
#5 sha256:e07a64a186b40995a7ba20f6f2805f0af9fe541b4e8d27dece38436674b9b59a 19.92MB / 186.92MB 15.1s
#5 sha256:85b70369924fc314cf1ee6800f79c31fe5dbc1972103a8379a998d55d3322b2c 16.78MB / 18.06MB 15.1s
#5 sha256:85b70369924fc314cf1ee6800f79c31fe5dbc1972103a8379a998d55d3322b2c 18.06MB / 18.06MB 15.2s done
#5 sha256:e07a64a186b40995a7ba20f6f2805f0af9fe541b4e8d27dece38436674b9b59a 29.36MB / 186.92MB 16.5s
#5 sha256:232abf47c65e3da3207d32896f44f766ec62842cdb90352f0a6d934229bf87d2 12.58MB / 23.92MB 17.7s
#5 sha256:e07a64a186b40995a7ba20f6f2805f0af9fe541b4e8d27dece38436674b9b59a 38.80MB / 186.92MB 17.8s
#5 sha256:232abf47c65e3da3207d32896f44f766ec62842cdb90352f0a6d934229bf87d2 15.73MB / 23.92MB 18.0s
#5 sha256:232abf47c65e3da3207d32896f44f766ec62842cdb90352f0a6d934229bf87d2 17.83MB / 23.92MB 18.4s
#5 sha256:232abf47c65e3da3207d32896f44f766ec62842cdb90352f0a6d934229bf87d2 19.92MB / 23.92MB 19.0s
#5 sha256:232abf47c65e3da3207d32896f44f766ec62842cdb90352f0a6d934229bf87d2 22.02MB / 23.92MB 19.3s
#5 sha256:232abf47c65e3da3207d32896f44f766ec62842cdb90352f0a6d934229bf87d2 23.92MB / 23.92MB 19.5s done
#5 sha256:e07a64a186b40995a7ba20f6f2805f0af9fe541b4e8d27dece38436674b9b59a 48.23MB / 186.92MB 19.6s
#5 extracting sha256:232abf47c65e3da3207d32896f44f766ec62842cdb90352f0a6d934229bf87d2
#5 extracting sha256:232abf47c65e3da3207d32896f44f766ec62842cdb90352f0a6d934229bf87d2 0.4s done
#5 sha256:e07a64a186b40995a7ba20f6f2805f0af9fe541b4e8d27dece38436674b9b59a 58.72MB / 186.92MB 20.6s
#5 sha256:e07a64a186b40995a7ba20f6f2805f0af9fe541b4e8d27dece38436674b9b59a 68.16MB / 186.92MB 21.4s
#5 sha256:e07a64a186b40995a7ba20f6f2805f0af9fe541b4e8d27dece38436674b9b59a 78.64MB / 186.92MB 26.2s
#5 sha256:e07a64a186b40995a7ba20f6f2805f0af9fe541b4e8d27dece38436674b9b59a 88.08MB / 186.92MB 27.5s
#5 sha256:e07a64a186b40995a7ba20f6f2805f0af9fe541b4e8d27dece38436674b9b59a 98.57MB / 186.92MB 28.5s
#5 sha256:e07a64a186b40995a7ba20f6f2805f0af9fe541b4e8d27dece38436674b9b59a 109.05MB / 186.92MB 29.6s
#5 sha256:e07a64a186b40995a7ba20f6f2805f0af9fe541b4e8d27dece38436674b9b59a 118.49MB / 186.92MB 30.5s
#5 sha256:e07a64a186b40995a7ba20f6f2805f0af9fe541b4e8d27dece38436674b9b59a 128.97MB / 186.92MB 31.4s
#5 sha256:e07a64a186b40995a7ba20f6f2805f0af9fe541b4e8d27dece38436674b9b59a 138.41MB / 186.92MB 36.0s
#5 sha256:e07a64a186b40995a7ba20f6f2805f0af9fe541b4e8d27dece38436674b9b59a 147.85MB / 186.92MB 40.4s
#5 sha256:e07a64a186b40995a7ba20f6f2805f0af9fe541b4e8d27dece38436674b9b59a 157.29MB / 186.92MB 44.8s
#5 sha256:e07a64a186b40995a7ba20f6f2805f0af9fe541b4e8d27dece38436674b9b59a 166.72MB / 186.92MB 49.2s
#5 sha256:e07a64a186b40995a7ba20f6f2805f0af9fe541b4e8d27dece38436674b9b59a 177.21MB / 186.92MB 50.4s
#5 sha256:e07a64a186b40995a7ba20f6f2805f0af9fe541b4e8d27dece38436674b9b59a 186.65MB / 186.92MB 51.1s
#5 sha256:e07a64a186b40995a7ba20f6f2805f0af9fe541b4e8d27dece38436674b9b59a 186.92MB / 186.92MB 51.1s done
#5 extracting sha256:e07a64a186b40995a7ba20f6f2805f0af9fe541b4e8d27dece38436674b9b59a
#5 extracting sha256:e07a64a186b40995a7ba20f6f2805f0af9fe541b4e8d27dece38436674b9b59a 2.1s done
#5 extracting sha256:49f793c0a28f2637435fe896bacbeb8f740c3175981760efa3c22c3f03d3b923
#5 extracting sha256:49f793c0a28f2637435fe896bacbeb8f740c3175981760efa3c22c3f03d3b923 done
#5 extracting sha256:85b70369924fc314cf1ee6800f79c31fe5dbc1972103a8379a998d55d3322b2c 0.1s
#5 extracting sha256:85b70369924fc314cf1ee6800f79c31fe5dbc1972103a8379a998d55d3322b2c 0.2s done
#5 DONE 53.7s

#9 [build  2/10] WORKDIR /src
#9 DONE 0.4s

#10 [build  3/10] COPY MyApp.slnx .
#10 DONE 0.0s

#11 [build  4/10] COPY MyApp.Api/MyApp.Api.csproj MyApp.Api/
#11 DONE 0.0s

#12 [build  5/10] COPY MyApp.Core/MyApp.Core.csproj MyApp.Core/
#12 DONE 0.0s

#13 [build  6/10] COPY MyApp.Tests/MyApp.Tests.csproj MyApp.Tests/
#13 DONE 0.0s

#14 [build  7/10] RUN dotnet restore MyApp.slnx
#14 0.681   Determining projects to restore...
#14 1.003   Restored /src/MyApp.Core/MyApp.Core.csproj (in 49 ms).
#14 6.206   Restored /src/MyApp.Api/MyApp.Api.csproj (in 5.27 sec).
#14 12.27   Restored /src/MyApp.Tests/MyApp.Tests.csproj (in 11.33 sec).
#14 DONE 12.4s

#15 [build  8/10] COPY . .
#15 DONE 0.1s

#16 [build  9/10] RUN dotnet build MyApp.slnx --no-restore --configuration Release
#16 0.632 /usr/share/dotnet/sdk/10.0.203/Sdks/Microsoft.NET.Sdk/targets/Microsoft.PackageDependencyResolution.targets(266,5): error NETSDK1064: Package Microsoft.AspNetCore.OpenApi, version 10.0.7 was not found. It might have been deleted since NuGet restore. Otherwise, NuGet restore might have only partially completed, which might have been due to maximum path length restrictions. [/src/MyApp.Api/MyApp.Api.csproj]
#16 0.717 /usr/share/dotnet/sdk/10.0.203/Sdks/Microsoft.NET.Sdk/targets/Microsoft.PackageDependencyResolution.targets(266,5): error NETSDK1064: Package Microsoft.AspNetCore.OpenApi, version 10.0.7 was not found. It might have been deleted since NuGet restore. Otherwise, NuGet restore might have only partially completed, which might have been due to maximum path length restrictions. [/src/MyApp.Tests/MyApp.Tests.csproj]
#16 2.298   MyApp.Core -> /src/MyApp.Core/bin/Release/net10.0/MyApp.Core.dll
#16 2.318 
#16 2.318 Build FAILED.
#16 2.318 
#16 2.318 /usr/share/dotnet/sdk/10.0.203/Sdks/Microsoft.NET.Sdk/targets/Microsoft.PackageDependencyResolution.targets(266,5): error NETSDK1064: Package Microsoft.AspNetCore.OpenApi, version 10.0.7 was not found. It might have been deleted since NuGet restore. Otherwise, NuGet restore might have only partially completed, which might have been due to maximum path length restrictions. [/src/MyApp.Api/MyApp.Api.csproj]
#16 2.318 /usr/share/dotnet/sdk/10.0.203/Sdks/Microsoft.NET.Sdk/targets/Microsoft.PackageDependencyResolution.targets(266,5): error NETSDK1064: Package Microsoft.AspNetCore.OpenApi, version 10.0.7 was not found. It might have been deleted since NuGet restore. Otherwise, NuGet restore might have only partially completed, which might have been due to maximum path length restrictions. [/src/MyApp.Tests/MyApp.Tests.csproj]
#16 2.318     0 Warning(s)
#16 2.318     2 Error(s)
#16 2.319 
#16 2.319 Time Elapsed 00:00:02.04
#16 ERROR: executor failed running [/bin/sh -c dotnet build MyApp.slnx --no-restore --configuration Release]: exit code: 1
------
 > [build  9/10] RUN dotnet build MyApp.slnx --no-restore --configuration Release:
#16 2.298   MyApp.Core -> /src/MyApp.Core/bin/Release/net10.0/MyApp.Core.dll
#16 2.318 
#16 2.318 Build FAILED.
#16 2.318 
#16 2.318 /usr/share/dotnet/sdk/10.0.203/Sdks/Microsoft.NET.Sdk/targets/Microsoft.PackageDependencyResolution.targets(266,5): error NETSDK1064: Package Microsoft.AspNetCore.OpenApi, version 10.0.7 was not found. It might have been deleted since NuGet restore. Otherwise, NuGet restore might have only partially completed, which might have been due to maximum path length restrictions. [/src/MyApp.Api/MyApp.Api.csproj]
#16 2.318 /usr/share/dotnet/sdk/10.0.203/Sdks/Microsoft.NET.Sdk/targets/Microsoft.PackageDependencyResolution.targets(266,5): error NETSDK1064: Package Microsoft.AspNetCore.OpenApi, version 10.0.7 was not found. It might have been deleted since NuGet restore. Otherwise, NuGet restore might have only partially completed, which might have been due to maximum path length restrictions. [/src/MyApp.Tests/MyApp.Tests.csproj]
#16 2.318     0 Warning(s)
#16 2.318     2 Error(s)
#16 2.319 
#16 2.319 Time Elapsed 00:00:02.04
------
ERROR: failed to solve: executor failed running [/bin/sh -c dotnet build MyApp.slnx --no-restore --configuration Release]: exit code: 1
